<?xml version="1.0" encoding="UTF-8"?>
<testng-results skipped="0" failed="0" total="1" passed="1">
  <reporter-output>
  </reporter-output>
  <suite name="Suite" duration-ms="19655" started-at="2020-02-02T13:37:36Z" finished-at="2020-02-02T13:37:56Z">
    <groups>
    </groups>
    <test name="Test2" duration-ms="19655" started-at="2020-02-02T13:37:36Z" finished-at="2020-02-02T13:37:56Z">
      <class name="com.app.test.testusername">
        <test-method status="PASS" signature="Lauchbrowser()[pri:0, instance:com.app.test.testusername@75bd9247]" name="Lauchbrowser" is-config="true" duration-ms="13571" started-at="2020-02-02T19:07:36Z" finished-at="2020-02-02T19:07:50Z">
          <reporter-output>
          </reporter-output>
        </test-method> <!-- Lauchbrowser -->
        <test-method status="PASS" signature="loginpage(java.lang.String, java.lang.String)[pri:0, instance:com.app.test.testusername@75bd9247]" name="loginpage" duration-ms="6065" started-at="2020-02-02T19:07:50Z" finished-at="2020-02-02T19:07:56Z">
          <params>
            <param index="0">
              <value>
                <![CDATA[Admin]]>
              </value>
            </param>
            <param index="1">
              <value>
                <![CDATA[admin123]]>
              </value>
            </param>
          </params>
          <reporter-output>
          </reporter-output>
        </test-method> <!-- loginpage -->
      </class> <!-- com.app.test.testusername -->
    </test> <!-- Test2 -->
  </suite> <!-- Suite -->
</testng-results>
